2021/11/26 08:40:54 update ports request response: OK
2021/11/26 08:40:54 Join response: Join succeeded
2021/11/26 08:40:57 update ports request response: OK
2021/11/26 08:40:57 update ports request response: OK
2021/11/26 08:40:57 Join response: Join succeeded
2021/11/26 08:40:59 update ports request response: OK
2021/11/26 08:40:59 update ports request response: OK
2021/11/26 08:40:59 update ports request response: OK
2021/11/26 08:40:59 Join response: Join succeeded
2021/11/26 08:41:02 update ports request response: OK
2021/11/26 08:41:02 update ports request response: OK
2021/11/26 08:41:02 update ports request response: OK
2021/11/26 08:41:02 update ports request response: OK
2021/11/26 08:41:02 Join response: Join succeeded
2021/11/26 08:41:06 update auction request response: OK
2021/11/26 08:41:06 update auction request response: OK
2021/11/26 08:41:06 update auction request response: OK
2021/11/26 08:41:06 update auction request response: OK
2021/11/26 08:41:06 Make New Auction response: Succeeded
2021/11/26 08:41:09 Get State response: Get State succeded
2021/11/26 08:41:10 update auction request response: OK
2021/11/26 08:41:10 update auction request response: OK
2021/11/26 08:41:10 update auction request response: OK
2021/11/26 08:41:10 update auction request response: OK
2021/11/26 08:41:10 Bid response: Your bid is now the highest
2021/11/26 08:41:14 Get State response: Get State succeded
2021/11/26 08:41:18 Get State response: Get State succeded
2021/11/26 08:41:19 update auction request response: OK
2021/11/26 08:41:19 update auction request response: OK
2021/11/26 08:41:19 update auction request response: OK
2021/11/26 08:41:19 update auction request response: OK
2021/11/26 08:41:19 Bid response: Another bid was higher than yours
2021/11/26 08:41:21 update auction request response: OK
2021/11/26 08:41:21 update auction request response: OK
2021/11/26 08:41:21 update auction request response: OK
2021/11/26 08:41:21 update auction request response: OK
2021/11/26 08:41:21 publish result request response: OK
2021/11/26 08:41:21 publish result request response: OK
2021/11/26 08:41:21 publish result request response: OK
2021/11/26 08:41:21 publish result request response: OK
2021/11/26 08:41:32 Error when calling Make New Auction: rpc error: code = Unavailable desc = connection error: desc = "transport: Error while dialing dial tcp :1111: connect: connection refused"
2021/11/26 08:41:32 update ports request response: OK
2021/11/26 08:41:32 update ports request response: OK
2021/11/26 08:41:32 update ports request response: OK
2021/11/26 08:41:32 update ports request response: OK
2021/11/26 08:41:32 update ports request response: OK
2021/11/26 08:41:32 update ports request response: OK
2021/11/26 08:41:32 Leader Declaration response: OK
2021/11/26 08:41:32 Leader Declaration response: OK
2021/11/26 08:41:32 Leader Declaration response: OK
2021/11/26 08:41:32 Election reply:  OK
2021/11/26 08:41:32 update auction request response: OK
2021/11/26 08:41:32 update auction request response: OK
2021/11/26 08:41:32 update auction request response: OK
2021/11/26 08:41:32 Make New Auction response: Succeeded
2021/11/26 08:41:32 Make New Auction response: NOT SUCCEEDED
2021/11/26 08:41:35 Get State response: Get State succeded
2021/11/26 08:41:37 update auction request response: OK
2021/11/26 08:41:37 update auction request response: OK
2021/11/26 08:41:37 update auction request response: OK
2021/11/26 08:41:37 Bid response: Another bid was higher than yours
2021/11/26 08:41:41 Get State response: Get State succeded
2021/11/26 08:41:42 update auction request response: OK
2021/11/26 08:41:42 update auction request response: OK
2021/11/26 08:41:42 update auction request response: OK
2021/11/26 08:41:42 Bid response: Your bid is now the highest
2021/11/26 08:41:47 update auction request response: OK
2021/11/26 08:41:47 update auction request response: OK
2021/11/26 08:41:47 update auction request response: OK
2021/11/26 08:41:47 publish result request response: OK
2021/11/26 08:41:47 publish result request response: OK
2021/11/26 08:41:47 publish result request response: OK
2021/11/26 08:42:03 Error when calling join: rpc error: code = Unavailable desc = connection error: desc = "transport: Error while dialing dial tcp :1111: connect: connection refused"
2021/11/26 08:42:06 update ports request response: OK
2021/11/26 08:42:06 update ports request response: OK
2021/11/26 08:42:06 update ports request response: OK
2021/11/26 08:42:06 update ports request response: OK
2021/11/26 08:42:06 Join response: Join succeeded
2021/11/26 08:42:10 publish result request response: OK
2021/11/26 08:42:10 publish result request response: OK
2021/11/26 08:42:10 publish result request response: OK
2021/11/26 08:42:10 publish result request response: OK
2021/11/26 08:42:22 update auction request response: OK
2021/11/26 08:42:22 update auction request response: OK
2021/11/26 08:42:22 update auction request response: OK
2021/11/26 08:42:22 update auction request response: OK
2021/11/26 08:42:22 Make New Auction response: Succeeded
2021/11/26 08:42:24 Get State response: Get State succeded
2021/11/26 08:42:25 update auction request response: OK
2021/11/26 08:42:25 update auction request response: OK
2021/11/26 08:42:25 update auction request response: OK
2021/11/26 08:42:25 update auction request response: OK
2021/11/26 08:42:25 Bid response: Your bid is now the highest
2021/11/26 08:42:37 update auction request response: OK
2021/11/26 08:42:37 update auction request response: OK
2021/11/26 08:42:37 update auction request response: OK
2021/11/26 08:42:37 update auction request response: OK
2021/11/26 08:42:37 publish result request response: OK
2021/11/26 08:42:37 publish result request response: OK
2021/11/26 08:42:37 publish result request response: OK
2021/11/26 08:42:37 publish result request response: OK
2021/11/26 08:42:40 update ports request response: OK
2021/11/26 08:42:40 update ports request response: OK
2021/11/26 08:42:40 update ports request response: OK
2021/11/26 08:42:40 Leave response: 4444 left the auction house
2021/11/26 08:42:45 update auction request response: OK
2021/11/26 08:42:45 update auction request response: OK
2021/11/26 08:42:45 update auction request response: OK
2021/11/26 08:42:45 Make New Auction response: Succeeded
2021/11/26 08:42:52 Get State response: Get State succeded
2021/11/26 08:42:58 update auction request response: OK
2021/11/26 08:42:58 update auction request response: OK
2021/11/26 08:42:58 update auction request response: OK
2021/11/26 08:42:58 Bid response: Your bid is now the highest
2021/11/26 08:43:00 update auction request response: OK
2021/11/26 08:43:00 update auction request response: OK
2021/11/26 08:43:00 update auction request response: OK
2021/11/26 08:43:00 publish result request response: OK
2021/11/26 08:43:00 publish result request response: OK
2021/11/26 08:43:00 publish result request response: OK
2021/11/26 08:43:13 update ports request response: OK
2021/11/26 08:43:13 update ports request response: OK
2021/11/26 08:43:13 Leave response: 4444 left the auction house
2021/11/26 08:43:20 update ports request response: OK
2021/11/26 08:43:20 Leave response: 4444 left the auction house
